<?xml version="1.0" encoding="UTF-8"?>
<!-- Generated by org.testng.reporters.JUnitXMLReporter -->
<testsuite hostname="RyanRilleraAir" failures="0" tests="4" name="Guru99Example" time="10.928" errors="0" timestamp="21 Apr 2018 20:30:03 GMT">
  <testcase classname="com.guru99.tests.test99GuruHomePage" name="test_Home_Page_DashBoard_UserName" time="0.169"/>
  <testcase classname="com.guru99.tests.test99GuruHomePage" name="test_getItemsSeleniumDropDown" time="0.873"/>
  <testcase classname="com.guru99.tests.test99GuruHomePage" name="test_getItemsBankProjectDropDown" time="0.419"/>
  <testcase classname="com.guru99.tests.test99GuruHomePage" name="test_clickAjaxDemo" time="1.288"/>
</testsuite>
