<?xml version="1.0" encoding="UTF-8"?>
<testng-results total="2" passed="2" failed="0" skipped="0">
  <reporter-output>
  </reporter-output>
  <suite started-at="2018-04-21T09:22:32Z" name="Default suite" finished-at="2018-04-21T09:22:44Z" duration-ms="12087">
    <groups>
    </groups>
    <test started-at="2018-04-21T09:22:32Z" name="Default test" finished-at="2018-04-21T09:22:44Z" duration-ms="12087">
      <class name="com.guru99.tests.test99GuruHomePage">
        <test-method is-config="true" signature="setUp(java.lang.String)[pri:0, instance:com.guru99.tests.test99GuruHomePage@355ce81c]" started-at="2018-04-21T09:22:32Z" name="setUp" finished-at="2018-04-21T09:22:42Z" duration-ms="9194" status="PASS">
          <params>
            <param index="0">
              <value>
                <![CDATA[FireFox]]>
              </value>
            </param>
          </params>
        </test-method>
        <test-method signature="test_Home_Page_DashBoard_UserName()[pri:0, instance:com.guru99.tests.test99GuruHomePage@355ce81c]" started-at="2018-04-21T09:22:42Z" name="test_Home_Page_DashBoard_UserName" finished-at="2018-04-21T09:22:42Z" duration-ms="253" status="PASS">
        </test-method>
        <test-method signature="test_getItemsSeleniumDropDown()[pri:0, instance:com.guru99.tests.test99GuruHomePage@355ce81c]" started-at="2018-04-21T09:22:42Z" name="test_getItemsSeleniumDropDown" finished-at="2018-04-21T09:22:43Z" duration-ms="1231" status="PASS">
        </test-method>
        <test-method is-config="true" signature="teardown()[pri:0, instance:com.guru99.tests.test99GuruHomePage@355ce81c]" started-at="2018-04-21T09:22:43Z" name="teardown" finished-at="2018-04-21T09:22:44Z" duration-ms="1369" status="PASS">
        </test-method>
      </class>
    </test>
  </suite>
</testng-results>
